{"C:\\Users\\ASUS\\Desktop\\Prueba_Tecnica\\test-frontend-income\\src\\App.tsx": {"path":"C:\\Users\\ASUS\\Desktop\\Prueba_Tecnica\\test-frontend-income\\src\\App.tsx","statementMap":{"0":{"start":{"line":1,"column":0},"end":{"line":1,"column":25}},"1":{"start":{"line":3,"column":0},"end":{"line":3,"column":19}},"2":{"start":{"line":4,"column":0},"end":{"line":4,"column":43}},"3":{"start":{"line":5,"column":0},"end":{"line":5,"column":39}},"4":{"start":{"line":6,"column":0},"end":{"line":6,"column":39}},"5":{"start":{"line":7,"column":0},"end":{"line":7,"column":47}},"6":{"start":{"line":9,"column":22},"end":{"line":19,"column":1}},"7":{"start":{"line":11,"column":2},"end":{"line":18,"column":null}},"8":{"start":{"line":21,"column":0},"end":{"line":21,"column":null}}},"fnMap":{"0":{"name":"(anonymous_1)","decl":{"start":{"line":9,"column":22},"end":{"line":9,"column":null}},"loc":{"start":{"line":9,"column":22},"end":{"line":19,"column":1}}}},"branchMap":{},"s":{"0":1,"1":1,"2":1,"3":1,"4":1,"5":1,"6":1,"7":1,"8":1},"f":{"0":1},"b":{}}
,"C:\\Users\\ASUS\\Desktop\\Prueba_Tecnica\\test-frontend-income\\src\\components\\Consume.tsx": {"path":"C:\\Users\\ASUS\\Desktop\\Prueba_Tecnica\\test-frontend-income\\src\\components\\Consume.tsx","statementMap":{"0":{"start":{"line":1,"column":0},"end":{"line":1,"column":25}},"1":{"start":{"line":2,"column":0},"end":{"line":2,"column":123}},"2":{"start":{"line":4,"column":0},"end":{"line":4,"column":20}},"3":{"start":{"line":5,"column":0},"end":{"line":5,"column":57}},"4":{"start":{"line":8,"column":26},"end":{"line":112,"column":1}},"5":{"start":{"line":9,"column":17},"end":{"line":9,"column":35}},"6":{"start":{"line":11,"column":2},"end":{"line":102,"column":null}},"7":{"start":{"line":12,"column":4},"end":{"line":101,"column":null}},"8":{"start":{"line":13,"column":18},"end":{"line":13,"column":40}},"9":{"start":{"line":14,"column":20},"end":{"line":14,"column":23}},"10":{"start":{"line":15,"column":21},"end":{"line":15,"column":24}},"11":{"start":{"line":16,"column":21},"end":{"line":16,"column":66}},"12":{"start":{"line":18,"column":6},"end":{"line":18,"column":54}},"13":{"start":{"line":20,"column":49},"end":{"line":20,"column":51}},"14":{"start":{"line":21,"column":21},"end":{"line":21,"column":51}},"15":{"start":{"line":23,"column":6},"end":{"line":32,"column":9}},"16":{"start":{"line":24,"column":21},"end":{"line":24,"column":37}},"17":{"start":{"line":25,"column":8},"end":{"line":31,"column":11}},"18":{"start":{"line":26,"column":10},"end":{"line":30,"column":null}},"19":{"start":{"line":27,"column":25},"end":{"line":27,"column":79}},"20":{"start":{"line":28,"column":12},"end":{"line":28,"column":69}},"21":{"start":{"line":29,"column":12},"end":{"line":29,"column":33}},"22":{"start":{"line":34,"column":16},"end":{"line":36,"column":51}},"23":{"start":{"line":35,"column":43},"end":{"line":35,"column":76}},"24":{"start":{"line":38,"column":16},"end":{"line":41,"column":52}},"25":{"start":{"line":39,"column":61},"end":{"line":39,"column":91}},"26":{"start":{"line":39,"column":82},"end":{"line":39,"column":90}},"27":{"start":{"line":43,"column":28},"end":{"line":45,"column":27}},"28":{"start":{"line":44,"column":16},"end":{"line":44,"column":26}},"29":{"start":{"line":45,"column":16},"end":{"line":45,"column":27}},"30":{"start":{"line":48,"column":6},"end":{"line":48,"column":34}},"31":{"start":{"line":51,"column":6},"end":{"line":57,"column":9}},"32":{"start":{"line":51,"column":42},"end":{"line":51,"column":44}},"33":{"start":{"line":51,"column":52},"end":{"line":51,"column":53}},"34":{"start":{"line":52,"column":8},"end":{"line":56,"column":35}},"35":{"start":{"line":58,"column":6},"end":{"line":66,"column":22}},"36":{"start":{"line":68,"column":6},"end":{"line":76,"column":30}},"37":{"start":{"line":78,"column":21},"end":{"line":79,"column":84}},"38":{"start":{"line":81,"column":6},"end":{"line":100,"column":9}},"39":{"start":{"line":81,"column":41},"end":{"line":81,"column":43}},"40":{"start":{"line":81,"column":51},"end":{"line":81,"column":52}},"41":{"start":{"line":82,"column":27},"end":{"line":84,"column":45}},"42":{"start":{"line":86,"column":8},"end":{"line":91,"column":40}},"43":{"start":{"line":93,"column":8},"end":{"line":99,"column":35}},"44":{"start":{"line":104,"column":2},"end":{"line":111,"column":null}},"45":{"start":{"line":114,"column":0},"end":{"line":114,"column":null}}},"fnMap":{"0":{"name":"(anonymous_3)","decl":{"start":{"line":8,"column":26},"end":{"line":8,"column":null}},"loc":{"start":{"line":8,"column":26},"end":{"line":112,"column":1}}},"1":{"name":"(anonymous_4)","decl":{"start":{"line":11,"column":18},"end":{"line":11,"column":null}},"loc":{"start":{"line":11,"column":18},"end":{"line":102,"column":3}}},"2":{"name":"(anonymous_5)","decl":{"start":{"line":23,"column":28},"end":{"line":23,"column":29}},"loc":{"start":{"line":23,"column":29},"end":{"line":32,"column":7}}},"3":{"name":"(anonymous_6)","decl":{"start":{"line":25,"column":31},"end":{"line":25,"column":34}},"loc":{"start":{"line":25,"column":34},"end":{"line":31,"column":9}}},"4":{"name":"(anonymous_7)","decl":{"start":{"line":35,"column":38},"end":{"line":35,"column":39}},"loc":{"start":{"line":35,"column":39},"end":{"line":35,"column":47}}},"5":{"name":"(anonymous_8)","decl":{"start":{"line":39,"column":53},"end":{"line":39,"column":57}},"loc":{"start":{"line":39,"column":57},"end":{"line":39,"column":65}}},"6":{"name":"(anonymous_9)","decl":{"start":{"line":39,"column":77},"end":{"line":39,"column":78}},"loc":{"start":{"line":39,"column":78},"end":{"line":39,"column":83}}},"7":{"name":"(anonymous_10)","decl":{"start":{"line":44,"column":11},"end":{"line":44,"column":12}},"loc":{"start":{"line":44,"column":12},"end":{"line":44,"column":17}}},"8":{"name":"(anonymous_11)","decl":{"start":{"line":45,"column":11},"end":{"line":45,"column":12}},"loc":{"start":{"line":45,"column":12},"end":{"line":45,"column":17}}},"9":{"name":"(anonymous_12)","decl":{"start":{"line":51,"column":36},"end":{"line":51,"column":37}},"loc":{"start":{"line":51,"column":53},"end":{"line":57,"column":7}}},"10":{"name":"(anonymous_13)","decl":{"start":{"line":81,"column":36},"end":{"line":81,"column":37}},"loc":{"start":{"line":81,"column":59},"end":{"line":100,"column":7}}}},"branchMap":{"0":{"loc":{"start":{"line":12,"column":4},"end":{"line":101,"column":null}},"type":"if","locations":[{"start":{"line":12,"column":4},"end":{"line":101,"column":null}},{"start":{},"end":{}}]},"1":{"loc":{"start":{"line":26,"column":10},"end":{"line":30,"column":null}},"type":"if","locations":[{"start":{"line":26,"column":10},"end":{"line":30,"column":null}},{"start":{},"end":{}}]},"2":{"loc":{"start":{"line":26,"column":14},"end":{"line":26,"column":46}},"type":"binary-expr","locations":[{"start":{"line":26,"column":14},"end":{"line":26,"column":28}},{"start":{"line":26,"column":32},"end":{"line":26,"column":46}}]},"3":{"loc":{"start":{"line":27,"column":25},"end":{"line":27,"column":79}},"type":"binary-expr","locations":[{"start":{"line":27,"column":25},"end":{"line":27,"column":38}},{"start":{"line":27,"column":42},"end":{"line":27,"column":79}}]}},"s":{"0":2,"1":2,"2":2,"3":2,"4":2,"5":6,"6":6,"7":5,"8":5,"9":5,"10":5,"11":5,"12":5,"13":5,"14":5,"15":5,"16":250,"17":250,"18":1250,"19":750,"20":750,"21":750,"22":5,"23":250,"24":5,"25":25,"26":750,"27":5,"28":750,"29":750,"30":5,"31":5,"32":25,"33":25,"34":25,"35":5,"36":5,"37":5,"38":5,"39":25,"40":25,"41":25,"42":25,"43":25,"44":6,"45":2},"f":{"0":6,"1":5,"2":250,"3":1250,"4":250,"5":25,"6":750,"7":750,"8":750,"9":25,"10":25},"b":{"0":[5,0],"1":[750,500],"2":[1250,1000],"3":[750,25]}}
,"C:\\Users\\ASUS\\Desktop\\Prueba_Tecnica\\test-frontend-income\\src\\components\\Costs.tsx": {"path":"C:\\Users\\ASUS\\Desktop\\Prueba_Tecnica\\test-frontend-income\\src\\components\\Costs.tsx","statementMap":{"0":{"start":{"line":1,"column":0},"end":{"line":1,"column":25}},"1":{"start":{"line":2,"column":0},"end":{"line":2,"column":123}},"2":{"start":{"line":4,"column":0},"end":{"line":4,"column":20}},"3":{"start":{"line":5,"column":0},"end":{"line":5,"column":55}},"4":{"start":{"line":8,"column":24},"end":{"line":113,"column":1}},"5":{"start":{"line":9,"column":17},"end":{"line":9,"column":35}},"6":{"start":{"line":11,"column":2},"end":{"line":103,"column":null}},"7":{"start":{"line":12,"column":4},"end":{"line":102,"column":null}},"8":{"start":{"line":13,"column":18},"end":{"line":13,"column":40}},"9":{"start":{"line":14,"column":20},"end":{"line":14,"column":23}},"10":{"start":{"line":15,"column":21},"end":{"line":15,"column":24}},"11":{"start":{"line":16,"column":21},"end":{"line":16,"column":66}},"12":{"start":{"line":18,"column":6},"end":{"line":18,"column":54}},"13":{"start":{"line":20,"column":49},"end":{"line":20,"column":51}},"14":{"start":{"line":21,"column":21},"end":{"line":21,"column":51}},"15":{"start":{"line":23,"column":6},"end":{"line":32,"column":9}},"16":{"start":{"line":24,"column":21},"end":{"line":24,"column":37}},"17":{"start":{"line":25,"column":8},"end":{"line":31,"column":11}},"18":{"start":{"line":26,"column":10},"end":{"line":30,"column":null}},"19":{"start":{"line":27,"column":25},"end":{"line":27,"column":79}},"20":{"start":{"line":28,"column":12},"end":{"line":28,"column":69}},"21":{"start":{"line":29,"column":12},"end":{"line":29,"column":33}},"22":{"start":{"line":34,"column":16},"end":{"line":36,"column":51}},"23":{"start":{"line":35,"column":41},"end":{"line":35,"column":74}},"24":{"start":{"line":38,"column":16},"end":{"line":41,"column":52}},"25":{"start":{"line":39,"column":61},"end":{"line":39,"column":91}},"26":{"start":{"line":39,"column":82},"end":{"line":39,"column":90}},"27":{"start":{"line":43,"column":28},"end":{"line":45,"column":27}},"28":{"start":{"line":44,"column":16},"end":{"line":44,"column":26}},"29":{"start":{"line":45,"column":16},"end":{"line":45,"column":27}},"30":{"start":{"line":48,"column":6},"end":{"line":48,"column":34}},"31":{"start":{"line":51,"column":6},"end":{"line":57,"column":9}},"32":{"start":{"line":51,"column":42},"end":{"line":51,"column":44}},"33":{"start":{"line":51,"column":52},"end":{"line":51,"column":53}},"34":{"start":{"line":52,"column":8},"end":{"line":56,"column":35}},"35":{"start":{"line":58,"column":6},"end":{"line":66,"column":22}},"36":{"start":{"line":68,"column":6},"end":{"line":76,"column":27}},"37":{"start":{"line":78,"column":21},"end":{"line":79,"column":84}},"38":{"start":{"line":81,"column":6},"end":{"line":101,"column":9}},"39":{"start":{"line":81,"column":41},"end":{"line":81,"column":43}},"40":{"start":{"line":81,"column":51},"end":{"line":81,"column":52}},"41":{"start":{"line":82,"column":27},"end":{"line":84,"column":45}},"42":{"start":{"line":86,"column":8},"end":{"line":91,"column":40}},"43":{"start":{"line":93,"column":8},"end":{"line":99,"column":35}},"44":{"start":{"line":105,"column":2},"end":{"line":112,"column":null}},"45":{"start":{"line":115,"column":0},"end":{"line":115,"column":null}}},"fnMap":{"0":{"name":"(anonymous_3)","decl":{"start":{"line":8,"column":24},"end":{"line":8,"column":null}},"loc":{"start":{"line":8,"column":24},"end":{"line":113,"column":1}}},"1":{"name":"(anonymous_4)","decl":{"start":{"line":11,"column":18},"end":{"line":11,"column":null}},"loc":{"start":{"line":11,"column":18},"end":{"line":103,"column":3}}},"2":{"name":"(anonymous_5)","decl":{"start":{"line":23,"column":26},"end":{"line":23,"column":27}},"loc":{"start":{"line":23,"column":27},"end":{"line":32,"column":7}}},"3":{"name":"(anonymous_6)","decl":{"start":{"line":25,"column":31},"end":{"line":25,"column":34}},"loc":{"start":{"line":25,"column":34},"end":{"line":31,"column":9}}},"4":{"name":"(anonymous_7)","decl":{"start":{"line":35,"column":36},"end":{"line":35,"column":37}},"loc":{"start":{"line":35,"column":37},"end":{"line":35,"column":45}}},"5":{"name":"(anonymous_8)","decl":{"start":{"line":39,"column":53},"end":{"line":39,"column":57}},"loc":{"start":{"line":39,"column":57},"end":{"line":39,"column":65}}},"6":{"name":"(anonymous_9)","decl":{"start":{"line":39,"column":77},"end":{"line":39,"column":78}},"loc":{"start":{"line":39,"column":78},"end":{"line":39,"column":83}}},"7":{"name":"(anonymous_10)","decl":{"start":{"line":44,"column":11},"end":{"line":44,"column":12}},"loc":{"start":{"line":44,"column":12},"end":{"line":44,"column":17}}},"8":{"name":"(anonymous_11)","decl":{"start":{"line":45,"column":11},"end":{"line":45,"column":12}},"loc":{"start":{"line":45,"column":12},"end":{"line":45,"column":17}}},"9":{"name":"(anonymous_12)","decl":{"start":{"line":51,"column":36},"end":{"line":51,"column":37}},"loc":{"start":{"line":51,"column":53},"end":{"line":57,"column":7}}},"10":{"name":"(anonymous_13)","decl":{"start":{"line":81,"column":36},"end":{"line":81,"column":37}},"loc":{"start":{"line":81,"column":59},"end":{"line":101,"column":7}}}},"branchMap":{"0":{"loc":{"start":{"line":12,"column":4},"end":{"line":102,"column":null}},"type":"if","locations":[{"start":{"line":12,"column":4},"end":{"line":102,"column":null}},{"start":{},"end":{}}]},"1":{"loc":{"start":{"line":26,"column":10},"end":{"line":30,"column":null}},"type":"if","locations":[{"start":{"line":26,"column":10},"end":{"line":30,"column":null}},{"start":{},"end":{}}]},"2":{"loc":{"start":{"line":26,"column":14},"end":{"line":26,"column":46}},"type":"binary-expr","locations":[{"start":{"line":26,"column":14},"end":{"line":26,"column":28}},{"start":{"line":26,"column":32},"end":{"line":26,"column":46}}]},"3":{"loc":{"start":{"line":27,"column":25},"end":{"line":27,"column":79}},"type":"binary-expr","locations":[{"start":{"line":27,"column":25},"end":{"line":27,"column":38}},{"start":{"line":27,"column":42},"end":{"line":27,"column":79}}]}},"s":{"0":2,"1":2,"2":2,"3":2,"4":2,"5":6,"6":6,"7":5,"8":5,"9":5,"10":5,"11":5,"12":5,"13":5,"14":5,"15":5,"16":350,"17":350,"18":1750,"19":1050,"20":1050,"21":1050,"22":5,"23":350,"24":5,"25":25,"26":1050,"27":5,"28":1050,"29":1050,"30":5,"31":5,"32":25,"33":25,"34":25,"35":5,"36":5,"37":5,"38":5,"39":25,"40":25,"41":25,"42":25,"43":25,"44":6,"45":2},"f":{"0":6,"1":5,"2":350,"3":1750,"4":350,"5":25,"6":1050,"7":1050,"8":1050,"9":25,"10":25},"b":{"0":[5,0],"1":[1050,700],"2":[1750,1400],"3":[1050,25]}}
,"C:\\Users\\ASUS\\Desktop\\Prueba_Tecnica\\test-frontend-income\\src\\components\\DataTable.tsx": {"path":"C:\\Users\\ASUS\\Desktop\\Prueba_Tecnica\\test-frontend-income\\src\\components\\DataTable.tsx","statementMap":{"0":{"start":{"line":1,"column":0},"end":{"line":1,"column":26}},"1":{"start":{"line":2,"column":0},"end":{"line":2,"column":61}},"2":{"start":{"line":3,"column":0},"end":{"line":3,"column":21}},"3":{"start":{"line":5,"column":28},"end":{"line":56,"column":1}},"4":{"start":{"line":6,"column":2},"end":{"line":55,"column":4}},"5":{"start":{"line":33,"column":52},"end":{"line":50,"column":14}},"6":{"start":{"line":58,"column":0},"end":{"line":58,"column":25}}},"fnMap":{"0":{"name":"(anonymous_3)","decl":{"start":{"line":5,"column":28},"end":{"line":5,"column":null}},"loc":{"start":{"line":5,"column":28},"end":{"line":56,"column":1}}},"1":{"name":"(anonymous_4)","decl":{"start":{"line":33,"column":35},"end":{"line":33,"column":36}},"loc":{"start":{"line":33,"column":47},"end":{"line":33,"column":null}}}},"branchMap":{},"s":{"0":2,"1":2,"2":2,"3":2,"4":5,"5":250,"6":2},"f":{"0":5,"1":250},"b":{}}
,"C:\\Users\\ASUS\\Desktop\\Prueba_Tecnica\\test-frontend-income\\src\\components\\Losts.tsx": {"path":"C:\\Users\\ASUS\\Desktop\\Prueba_Tecnica\\test-frontend-income\\src\\components\\Losts.tsx","statementMap":{"0":{"start":{"line":1,"column":0},"end":{"line":1,"column":49}},"1":{"start":{"line":2,"column":0},"end":{"line":2,"column":25}},"2":{"start":{"line":3,"column":0},"end":{"line":3,"column":65}},"3":{"start":{"line":4,"column":0},"end":{"line":4,"column":21}},"4":{"start":{"line":6,"column":24},"end":{"line":114,"column":1}},"5":{"start":{"line":7,"column":17},"end":{"line":7,"column":51}},"6":{"start":{"line":9,"column":2},"end":{"line":104,"column":9}},"7":{"start":{"line":10,"column":4},"end":{"line":103,"column":null}},"8":{"start":{"line":11,"column":18},"end":{"line":11,"column":43}},"9":{"start":{"line":12,"column":6},"end":{"line":12,"column":34}},"10":{"start":{"line":14,"column":20},"end":{"line":14,"column":23}},"11":{"start":{"line":15,"column":21},"end":{"line":15,"column":24}},"12":{"start":{"line":16,"column":21},"end":{"line":16,"column":67}},"13":{"start":{"line":18,"column":6},"end":{"line":18,"column":54}},"14":{"start":{"line":20,"column":19},"end":{"line":20,"column":40}},"15":{"start":{"line":23,"column":19},"end":{"line":24,"column":null}},"16":{"start":{"line":24,"column":15},"end":{"line":24,"column":null}},"17":{"start":{"line":27,"column":29},"end":{"line":29,"column":37}},"18":{"start":{"line":31,"column":28},"end":{"line":31,"column":55}},"19":{"start":{"line":34,"column":21},"end":{"line":37,"column":21}},"20":{"start":{"line":35,"column":30},"end":{"line":35,"column":54}},"21":{"start":{"line":39,"column":21},"end":{"line":41,"column":52}},"22":{"start":{"line":43,"column":25},"end":{"line":45,"column":49}},"23":{"start":{"line":47,"column":6},"end":{"line":59,"column":45}},"24":{"start":{"line":51,"column":29},"end":{"line":51,"column":47}},"25":{"start":{"line":53,"column":19},"end":{"line":53,"column":21}},"26":{"start":{"line":56,"column":33},"end":{"line":56,"column":80}},"27":{"start":{"line":57,"column":26},"end":{"line":57,"column":39}},"28":{"start":{"line":58,"column":31},"end":{"line":58,"column":59}},"29":{"start":{"line":61,"column":20},"end":{"line":61,"column":41}},"30":{"start":{"line":62,"column":6},"end":{"line":69,"column":44}},"31":{"start":{"line":71,"column":20},"end":{"line":71,"column":68}},"32":{"start":{"line":72,"column":6},"end":{"line":74,"column":21}},"33":{"start":{"line":76,"column":6},"end":{"line":81,"column":null}},"34":{"start":{"line":83,"column":21},"end":{"line":84,"column":84}},"35":{"start":{"line":86,"column":6},"end":{"line":102,"column":9}},"36":{"start":{"line":87,"column":27},"end":{"line":88,"column":59}},"37":{"start":{"line":90,"column":8},"end":{"line":93,"column":41}},"38":{"start":{"line":95,"column":8},"end":{"line":101,"column":35}},"39":{"start":{"line":106,"column":2},"end":{"line":113,"column":4}},"40":{"start":{"line":116,"column":0},"end":{"line":116,"column":21}}},"fnMap":{"0":{"name":"(anonymous_8)","decl":{"start":{"line":6,"column":24},"end":{"line":6,"column":null}},"loc":{"start":{"line":6,"column":24},"end":{"line":114,"column":1}}},"1":{"name":"(anonymous_9)","decl":{"start":{"line":9,"column":12},"end":{"line":9,"column":null}},"loc":{"start":{"line":9,"column":12},"end":{"line":104,"column":3}}},"2":{"name":"(anonymous_10)","decl":{"start":{"line":24,"column":8},"end":{"line":24,"column":11}},"loc":{"start":{"line":24,"column":11},"end":{"line":24,"column":18}}},"3":{"name":"(anonymous_11)","decl":{"start":{"line":35,"column":25},"end":{"line":35,"column":26}},"loc":{"start":{"line":35,"column":26},"end":{"line":35,"column":33}}},"4":{"name":"(anonymous_12)","decl":{"start":{"line":51,"column":24},"end":{"line":51,"column":25}},"loc":{"start":{"line":51,"column":25},"end":{"line":51,"column":39}}},"5":{"name":"(anonymous_13)","decl":{"start":{"line":53,"column":14},"end":{"line":53,"column":15}},"loc":{"start":{"line":53,"column":15},"end":{"line":53,"column":20}}},"6":{"name":"(anonymous_14)","decl":{"start":{"line":56,"column":21},"end":{"line":56,"column":22}},"loc":{"start":{"line":56,"column":28},"end":{"line":56,"column":39}}},"7":{"name":"(anonymous_15)","decl":{"start":{"line":57,"column":21},"end":{"line":57,"column":22}},"loc":{"start":{"line":57,"column":22},"end":{"line":57,"column":32}}},"8":{"name":"(anonymous_16)","decl":{"start":{"line":58,"column":26},"end":{"line":58,"column":27}},"loc":{"start":{"line":58,"column":27},"end":{"line":58,"column":37}}},"9":{"name":"(anonymous_17)","decl":{"start":{"line":86,"column":19},"end":{"line":86,"column":20}},"loc":{"start":{"line":86,"column":30},"end":{"line":102,"column":7}}}},"branchMap":{"0":{"loc":{"start":{"line":10,"column":4},"end":{"line":103,"column":null}},"type":"if","locations":[{"start":{"line":10,"column":4},"end":{"line":103,"column":null}},{"start":{},"end":{}}]},"1":{"loc":{"start":{"line":24,"column":15},"end":{"line":24,"column":83}},"type":"binary-expr","locations":[{"start":{"line":24,"column":15},"end":{"line":24,"column":36}},{"start":{"line":24,"column":40},"end":{"line":24,"column":59}},{"start":{"line":24,"column":63},"end":{"line":24,"column":83}}]},"2":{"loc":{"start":{"line":56,"column":33},"end":{"line":56,"column":79}},"type":"binary-expr","locations":[{"start":{"line":56,"column":33},"end":{"line":56,"column":74}},{"start":{"line":56,"column":78},"end":{"line":56,"column":79}}]}},"s":{"0":2,"1":2,"2":2,"3":2,"4":2,"5":5,"6":5,"7":5,"8":5,"9":5,"10":5,"11":5,"12":5,"13":5,"14":5,"15":5,"16":25,"17":5,"18":5,"19":5,"20":75,"21":5,"22":5,"23":5,"24":15,"25":15,"26":225,"27":225,"28":225,"29":5,"30":5,"31":5,"32":5,"33":5,"34":5,"35":5,"36":15,"37":15,"38":15,"39":5,"40":2},"f":{"0":5,"1":5,"2":25,"3":75,"4":15,"5":15,"6":225,"7":225,"8":225,"9":15},"b":{"0":[5,0],"1":[25,20,15],"2":[225,0]}}
,"C:\\Users\\ASUS\\Desktop\\Prueba_Tecnica\\test-frontend-income\\src\\utils\\mocks\\data.mock.ts": {"path":"C:\\Users\\ASUS\\Desktop\\Prueba_Tecnica\\test-frontend-income\\src\\utils\\mocks\\data.mock.ts","statementMap":{"0":{"start":{"line":3,"column":13},"end":{"line":354,"column":null}},"1":{"start":{"line":356,"column":13},"end":{"line":847,"column":null}},"2":{"start":{"line":849,"column":13},"end":{"line":867,"column":2}},"3":{"start":{"line":872,"column":22},"end":{"line":872,"column":51}},"4":{"start":{"line":872,"column":41},"end":{"line":872,"column":77}},"5":{"start":{"line":874,"column":13},"end":{"line":901,"column":3}},"6":{"start":{"line":875,"column":19},"end":{"line":876,"column":null}},"7":{"start":{"line":876,"column":9},"end":{"line":876,"column":null}},"8":{"start":{"line":880,"column":19},"end":{"line":881,"column":null}},"9":{"start":{"line":881,"column":9},"end":{"line":881,"column":null}},"10":{"start":{"line":884,"column":2},"end":{"line":900,"column":4}}},"fnMap":{"0":{"name":"(anonymous_0)","decl":{"start":{"line":872,"column":22},"end":{"line":872,"column":23}},"loc":{"start":{"line":872,"column":36},"end":{"line":872,"column":51}}},"1":{"name":"(anonymous_1)","decl":{"start":{"line":874,"column":51},"end":{"line":874,"column":62}},"loc":{"start":{"line":874,"column":62},"end":{"line":901,"column":1}}},"2":{"name":"(anonymous_2)","decl":{"start":{"line":876,"column":4},"end":{"line":876,"column":5}},"loc":{"start":{"line":876,"column":5},"end":{"line":876,"column":10}}},"3":{"name":"(anonymous_3)","decl":{"start":{"line":881,"column":4},"end":{"line":881,"column":5}},"loc":{"start":{"line":881,"column":5},"end":{"line":881,"column":10}}}},"branchMap":{"0":{"loc":{"start":{"line":876,"column":9},"end":{"line":876,"column":67}},"type":"binary-expr","locations":[{"start":{"line":876,"column":9},"end":{"line":876,"column":36}},{"start":{"line":876,"column":40},"end":{"line":876,"column":67}}]},"1":{"loc":{"start":{"line":881,"column":9},"end":{"line":881,"column":67}},"type":"binary-expr","locations":[{"start":{"line":881,"column":9},"end":{"line":881,"column":36}},{"start":{"line":881,"column":40},"end":{"line":881,"column":67}}]},"2":{"loc":{"start":{"line":892,"column":22},"end":{"line":892,"column":72}},"type":"cond-expr","locations":[{"start":{"line":892,"column":33},"end":{"line":892,"column":68}},{"start":{"line":892,"column":71},"end":{"line":892,"column":72}}]},"3":{"loc":{"start":{"line":893,"column":20},"end":{"line":893,"column":68}},"type":"cond-expr","locations":[{"start":{"line":893,"column":31},"end":{"line":893,"column":64}},{"start":{"line":893,"column":67},"end":{"line":893,"column":68}}]},"4":{"loc":{"start":{"line":894,"column":21},"end":{"line":894,"column":70}},"type":"cond-expr","locations":[{"start":{"line":894,"column":32},"end":{"line":894,"column":66}},{"start":{"line":894,"column":69},"end":{"line":894,"column":70}}]},"5":{"loc":{"start":{"line":897,"column":30},"end":{"line":897,"column":71}},"type":"cond-expr","locations":[{"start":{"line":897,"column":41},"end":{"line":897,"column":67}},{"start":{"line":897,"column":70},"end":{"line":897,"column":71}}]},"6":{"loc":{"start":{"line":898,"column":28},"end":{"line":898,"column":67}},"type":"cond-expr","locations":[{"start":{"line":898,"column":39},"end":{"line":898,"column":63}},{"start":{"line":898,"column":66},"end":{"line":898,"column":67}}]},"7":{"loc":{"start":{"line":899,"column":29},"end":{"line":899,"column":69}},"type":"cond-expr","locations":[{"start":{"line":899,"column":40},"end":{"line":899,"column":65}},{"start":{"line":899,"column":68},"end":{"line":899,"column":69}}]}},"s":{"0":5,"1":5,"2":5,"3":5,"4":825,"5":5,"6":250,"7":15825,"8":250,"9":3225,"10":250},"f":{"0":825,"1":250,"2":15825,"3":3225},"b":{"0":[15825,3175],"1":[3225,675],"2":[25,225],"3":[25,225],"4":[25,225],"5":[75,175],"6":[75,175],"7":[75,175]}}
}
