TN:
SF:src\App.tsx
FN:9,(anonymous_1)
FNF:1
FNH:1
FNDA:1,(anonymous_1)
DA:1,1
DA:3,1
DA:4,1
DA:5,1
DA:6,1
DA:7,1
DA:9,1
DA:11,1
DA:21,1
LF:9
LH:9
BRF:0
BRH:0
end_of_record
TN:
SF:src\components\Consume.tsx
FN:8,(anonymous_3)
FN:11,(anonymous_4)
FN:23,(anonymous_5)
FN:25,(anonymous_6)
FN:35,(anonymous_7)
FN:39,(anonymous_8)
FN:39,(anonymous_9)
FN:44,(anonymous_10)
FN:45,(anonymous_11)
FN:51,(anonymous_12)
FN:81,(anonymous_13)
FNF:11
FNH:11
FNDA:6,(anonymous_3)
FNDA:5,(anonymous_4)
FNDA:250,(anonymous_5)
FNDA:1250,(anonymous_6)
FNDA:250,(anonymous_7)
FNDA:25,(anonymous_8)
FNDA:750,(anonymous_9)
FNDA:750,(anonymous_10)
FNDA:750,(anonymous_11)
FNDA:25,(anonymous_12)
FNDA:25,(anonymous_13)
DA:1,2
DA:2,2
DA:4,2
DA:5,2
DA:8,2
DA:9,6
DA:11,6
DA:12,5
DA:13,5
DA:14,5
DA:15,5
DA:16,5
DA:18,5
DA:20,5
DA:21,5
DA:23,5
DA:24,250
DA:25,250
DA:26,1250
DA:27,750
DA:28,750
DA:29,750
DA:34,5
DA:35,250
DA:38,5
DA:39,750
DA:43,5
DA:44,750
DA:45,750
DA:48,5
DA:51,25
DA:52,25
DA:58,5
DA:68,5
DA:78,5
DA:81,25
DA:82,25
DA:86,25
DA:93,25
DA:104,6
DA:114,2
LF:41
LH:41
BRDA:12,0,0,5
BRDA:12,0,1,0
BRDA:26,1,0,750
BRDA:26,1,1,500
BRDA:26,2,0,1250
BRDA:26,2,1,1000
BRDA:27,3,0,750
BRDA:27,3,1,25
BRF:8
BRH:7
end_of_record
TN:
SF:src\components\Costs.tsx
FN:8,(anonymous_3)
FN:11,(anonymous_4)
FN:23,(anonymous_5)
FN:25,(anonymous_6)
FN:35,(anonymous_7)
FN:39,(anonymous_8)
FN:39,(anonymous_9)
FN:44,(anonymous_10)
FN:45,(anonymous_11)
FN:51,(anonymous_12)
FN:81,(anonymous_13)
FNF:11
FNH:11
FNDA:6,(anonymous_3)
FNDA:5,(anonymous_4)
FNDA:350,(anonymous_5)
FNDA:1750,(anonymous_6)
FNDA:350,(anonymous_7)
FNDA:25,(anonymous_8)
FNDA:1050,(anonymous_9)
FNDA:1050,(anonymous_10)
FNDA:1050,(anonymous_11)
FNDA:25,(anonymous_12)
FNDA:25,(anonymous_13)
DA:1,2
DA:2,2
DA:4,2
DA:5,2
DA:8,2
DA:9,6
DA:11,6
DA:12,5
DA:13,5
DA:14,5
DA:15,5
DA:16,5
DA:18,5
DA:20,5
DA:21,5
DA:23,5
DA:24,350
DA:25,350
DA:26,1750
DA:27,1050
DA:28,1050
DA:29,1050
DA:34,5
DA:35,350
DA:38,5
DA:39,1050
DA:43,5
DA:44,1050
DA:45,1050
DA:48,5
DA:51,25
DA:52,25
DA:58,5
DA:68,5
DA:78,5
DA:81,25
DA:82,25
DA:86,25
DA:93,25
DA:105,6
DA:115,2
LF:41
LH:41
BRDA:12,0,0,5
BRDA:12,0,1,0
BRDA:26,1,0,1050
BRDA:26,1,1,700
BRDA:26,2,0,1750
BRDA:26,2,1,1400
BRDA:27,3,0,1050
BRDA:27,3,1,25
BRF:8
BRH:7
end_of_record
TN:
SF:src\components\DataTable.tsx
FN:5,(anonymous_3)
FN:33,(anonymous_4)
FNF:2
FNH:2
FNDA:5,(anonymous_3)
FNDA:250,(anonymous_4)
DA:1,2
DA:2,2
DA:3,2
DA:5,2
DA:6,5
DA:33,250
DA:58,2
LF:7
LH:7
BRF:0
BRH:0
end_of_record
TN:
SF:src\components\Losts.tsx
FN:6,(anonymous_8)
FN:9,(anonymous_9)
FN:24,(anonymous_10)
FN:35,(anonymous_11)
FN:51,(anonymous_12)
FN:53,(anonymous_13)
FN:56,(anonymous_14)
FN:57,(anonymous_15)
FN:58,(anonymous_16)
FN:86,(anonymous_17)
FNF:10
FNH:10
FNDA:5,(anonymous_8)
FNDA:5,(anonymous_9)
FNDA:25,(anonymous_10)
FNDA:75,(anonymous_11)
FNDA:15,(anonymous_12)
FNDA:15,(anonymous_13)
FNDA:225,(anonymous_14)
FNDA:225,(anonymous_15)
FNDA:225,(anonymous_16)
FNDA:15,(anonymous_17)
DA:1,2
DA:2,2
DA:3,2
DA:4,2
DA:6,2
DA:7,5
DA:9,5
DA:10,5
DA:11,5
DA:12,5
DA:14,5
DA:15,5
DA:16,5
DA:18,5
DA:20,5
DA:23,5
DA:24,25
DA:27,5
DA:31,5
DA:34,5
DA:35,75
DA:39,5
DA:43,5
DA:47,5
DA:51,15
DA:53,15
DA:56,225
DA:57,225
DA:58,225
DA:61,5
DA:62,5
DA:71,5
DA:72,5
DA:76,5
DA:83,5
DA:86,5
DA:87,15
DA:90,15
DA:95,15
DA:106,5
DA:116,2
LF:41
LH:41
BRDA:10,0,0,5
BRDA:10,0,1,0
BRDA:24,1,0,25
BRDA:24,1,1,20
BRDA:24,1,2,15
BRDA:56,2,0,225
BRDA:56,2,1,0
BRF:7
BRH:5
end_of_record
TN:
SF:src\utils\mocks\data.mock.ts
FN:872,(anonymous_0)
FN:874,(anonymous_1)
FN:876,(anonymous_2)
FN:881,(anonymous_3)
FNF:4
FNH:4
FNDA:825,(anonymous_0)
FNDA:250,(anonymous_1)
FNDA:15825,(anonymous_2)
FNDA:3225,(anonymous_3)
DA:3,5
DA:356,5
DA:849,5
DA:872,825
DA:874,5
DA:875,250
DA:876,15825
DA:880,250
DA:881,3225
DA:884,250
LF:10
LH:10
BRDA:876,0,0,15825
BRDA:876,0,1,3175
BRDA:881,1,0,3225
BRDA:881,1,1,675
BRDA:892,2,0,25
BRDA:892,2,1,225
BRDA:893,3,0,25
BRDA:893,3,1,225
BRDA:894,4,0,25
BRDA:894,4,1,225
BRDA:897,5,0,75
BRDA:897,5,1,175
BRDA:898,6,0,75
BRDA:898,6,1,175
BRDA:899,7,0,75
BRDA:899,7,1,175
BRF:16
BRH:16
end_of_record
